<?xml version="1.0" encoding="UTF-8"?>
<!-- Generated by org.testng.reporters.JUnitXMLReporter -->
<testsuite ignored="0" hostname="LAPTOP-SOVBCEDV" failures="0" tests="10" name="Default test" time="161.291" errors="0" timestamp="2021-11-20T22:50:18 IST">
  <testcase classname="Academy.AddItemCheckout" name="basepage" time="18.06"/>
  <testcase classname="Academy.Footer" name="basepage" time="7.368"/>
  <testcase classname="Academy.HomePage" name="basepage" time="14.684"/>
  <testcase classname="Academy.HoverTab" name="basepage" time="20.673"/>
  <testcase classname="Academy.Header" name="basepage" time="7.038"/>
  <testcase classname="Academy.CorporateGift" name="basepage" time="17.905"/>
  <testcase classname="Academy.PopularSuggetion" name="basepage" time="8.383"/>
  <testcase classname="Academy.WhatsNew" name="basepage" time="12.021"/>
  <testcase classname="Academy.GiftCart" name="basepage" time="12.665"/>
  <testcase classname="Academy.Wishlist" name="basepage" time="24.483"/>
</testsuite> <!-- Default test -->
